<?xml version="1.0" encoding="UTF-8"?>
<!-- Generated by org.testng.reporters.JUnitReportReporter -->
<testsuite skipped="0" hostname="HIBAIL56180" name="Loggersa" tests="1" failures="0" timestamp="11 Jan 2020 18:03:06 GMT" time="0.027" errors="0">
  <testcase name="main" time="0.027" classname="Loggersa"/>
</testsuite> <!-- Loggersa -->
