<?xml version="1.0" encoding="UTF-8"?>
<!-- Generated by org.testng.reporters.JUnitReportReporter -->
<testsuite skipped="0" hostname="HIBAIL56180" name="Test12345" tests="1" failures="0" timestamp="17 Mar 2020 07:49:45 GMT" time="35.376" errors="0">
  <testcase name="test" time="35.376" classname="Test12345"/>
</testsuite> <!-- Test12345 -->
